<?xml version="1.0" encoding="UTF-8"?>
<!-- Generated by org.testng.reporters.JUnitXMLReporter -->
<testsuite ignored="2" hostname="Haruns-MBP.attlocal.net" failures="0" tests="1" name="Smoke Test" time="29.338" errors="0" timestamp="2023-02-07T20:34:40 EST">
  <testcase classname="com.neotech.testcases.LoginTest" name="validLogin" time="18.11"/>
  <testcase classname="com.neotech.testcases.LoginTest" name="emptyPasswordLogin" time="0.0">
    <ignored/>
  </testcase> <!-- emptyPasswordLogin -->
  <testcase classname="com.neotech.testcases.LoginTest" name="invalidPasswordLogin" time="0.0">
    <ignored/>
  </testcase> <!-- invalidPasswordLogin -->
</testsuite> <!-- Smoke Test -->
