<?xml version="1.0" encoding="UTF-8"?>
<!-- Generated by org.testng.reporters.JUnitXMLReporter -->
<testsuite ignored="0" hostname="Haruns-MBP.attlocal.net" failures="1" tests="3" name="Regression Test" time="56.211" errors="0" timestamp="2023-02-07T21:14:09 EST">
  <testcase classname="com.neotech.testcases.LoginTest" name="emptyPasswordLogin" time="3.062"/>
  <testcase classname="com.neotech.testcases.LoginTest" name="invalidPasswordLogin" time="6.659">
    <failure type="java.lang.AssertionError" message="Error message does NOT match! expected [Invalid Credentials - zzz] but found [Invalid Credentials]">
      <![CDATA[java.lang.AssertionError: Error message does NOT match! expected [Invalid Credentials - zzz] but found [Invalid Credentials]
at com.neotech.testcases.LoginTest.invalidPasswordLogin(LoginTest.java:76)
at java.base/java.util.ArrayList.forEach(ArrayList.java:1511)
... Removed 32 stack frames]]>
    </failure>
  </testcase> <!-- invalidPasswordLogin -->
  <testcase classname="com.neotech.testcases.LoginTest" name="validLogin" time="18.287"/>
</testsuite> <!-- Regression Test -->
